<?xml version="1.0" encoding="UTF-8"?>
<testng-results skipped="0" failed="0" ignored="0" total="0" passed="0">
  <reporter-output>
  </reporter-output>
  <suite name="com.saucedemo.AppTest" duration-ms="7" started-at="2023-04-30T12:01:24 AEST" finished-at="2023-04-30T12:01:24 AEST">
    <groups>
    </groups>
    <test name="Command line test" duration-ms="7" started-at="2023-04-30T12:01:24 AEST" finished-at="2023-04-30T12:01:24 AEST">
    </test> <!-- Command line test -->
  </suite> <!-- com.saucedemo.AppTest -->
</testng-results>
